-------------------------------------------------------------------------------
Test set: calculator.attackBonusTests
-------------------------------------------------------------------------------
Tests run: 5, Failures: 0, Errors: 3, Skipped: 0, Time elapsed: 0.137 s <<< FAILURE! - in calculator.attackBonusTests
attackModifierDropdown(calculator.attackBonusTests)  Time elapsed: 0.091 s  <<< ERROR!
java.lang.ExceptionInInitializerError
	at calculator.attackBonusTests.attackModifierDropdown(attackBonusTests.java:55)
Caused by: java.lang.reflect.InaccessibleObjectException: Unable to make protected final java.lang.Class java.lang.ClassLoader.defineClass(java.lang.String,byte[],int,int,java.security.ProtectionDomain) throws java.lang.ClassFormatError accessible: module java.base does not "opens java.lang" to unnamed module @3ecf72fd
	at calculator.attackBonusTests.attackModifierDropdown(attackBonusTests.java:55)

attackModifierReturnFalse(calculator.attackBonusTests)  Time elapsed: 0.001 s  <<< ERROR!
java.lang.NoClassDefFoundError: Could not initialize class org.mockito.internal.creation.cglib.ClassImposterizer$3
	at calculator.attackBonusTests.attackModifierReturnFalse(attackBonusTests.java:43)
Caused by: java.lang.ExceptionInInitializerError: Exception java.lang.ExceptionInInitializerError [in thread "main"]
	at calculator.attackBonusTests.attackModifierDropdown(attackBonusTests.java:55)

attackModifierReturnTrue(calculator.attackBonusTests)  Time elapsed: 0 s  <<< ERROR!
java.lang.NoClassDefFoundError: Could not initialize class org.mockito.internal.creation.cglib.ClassImposterizer$3
	at calculator.attackBonusTests.attackModifierReturnTrue(attackBonusTests.java:31)
Caused by: java.lang.ExceptionInInitializerError: Exception java.lang.ExceptionInInitializerError [in thread "main"]
	at calculator.attackBonusTests.attackModifierDropdown(attackBonusTests.java:55)

