<?xml version="1.0" encoding="UTF-8"?>
<testsuite xmlns:xsi="http://www.w3.org/2001/XMLSchema-instance" xsi:noNamespaceSchemaLocation="https://maven.apache.org/surefire/maven-surefire-plugin/xsd/surefire-test-report.xsd" name="calculator.attackBonusTests" time="0.137" tests="5" errors="3" skipped="0" failures="0">
  <properties>
[...]
</properties>
  <testcase name="attackModifierDropdown" classname="calculator.attackBonusTests" time="0.091">
    <error type="java.lang.ExceptionInInitializerError">java.lang.ExceptionInInitializerError
	at calculator.attackBonusTests.attackModifierDropdown(attackBonusTests.java:55)
Caused by: java.lang.reflect.InaccessibleObjectException: Unable to make protected final java.lang.Class java.lang.ClassLoader.defineClass(java.lang.String,byte[],int,int,java.security.ProtectionDomain) throws java.lang.ClassFormatError accessible: module java.base does not "opens java.lang" to unnamed module @3ecf72fd
	at calculator.attackBonusTests.attackModifierDropdown(attackBonusTests.java:55)
</error>
  </testcase>
  <testcase name="attackModifierReturnFalse" classname="calculator.attackBonusTests" time="0.001">
    <error message="Could not initialize class org.mockito.internal.creation.cglib.ClassImposterizer$3" type="java.lang.NoClassDefFoundError">java.lang.NoClassDefFoundError: Could not initialize class org.mockito.internal.creation.cglib.ClassImposterizer$3
	at calculator.attackBonusTests.attackModifierReturnFalse(attackBonusTests.java:43)
Caused by: java.lang.ExceptionInInitializerError: Exception java.lang.ExceptionInInitializerError [in thread "main"]
	at calculator.attackBonusTests.attackModifierDropdown(attackBonusTests.java:55)
</error>
  </testcase>
  <testcase name="calculatorString" classname="calculator.attackBonusTests" time="0.01"/>
  <testcase name="attackModifierReturn" classname="calculator.attackBonusTests" time="0.001"/>
  <testcase name="attackModifierReturnTrue" classname="calculator.attackBonusTests" time="0">
    <error message="Could not initialize class org.mockito.internal.creation.cglib.ClassImposterizer$3" type="java.lang.NoClassDefFoundError">java.lang.NoClassDefFoundError: Could not initialize class org.mockito.internal.creation.cglib.ClassImposterizer$3
	at calculator.attackBonusTests.attackModifierReturnTrue(attackBonusTests.java:31)
Caused by: java.lang.ExceptionInInitializerError: Exception java.lang.ExceptionInInitializerError [in thread "main"]
	at calculator.attackBonusTests.attackModifierDropdown(attackBonusTests.java:55)
</error>
  </testcase>
</testsuite>